<?xml version="1.0" encoding="UTF-8"?>
<testng-results ignored="0" total="1" passed="1" failed="0" skipped="0">
  <reporter-output>
  </reporter-output>
  <suite started-at="2022-04-16T13:00:05 IST" name="Surefire suite" finished-at="2022-04-16T13:00:20 IST" duration-ms="14712">
    <groups>
      <group name="cucumber">
        <method signature="AbstractTestNGCucumberTests.runScenario(io.cucumber.testng.PickleWrapper,io.cucumber.testng.FeatureWrapper)[pri:0, instance:cucumberOptions.TestRunner@6a2b953e]" name="runScenario" class="io.cucumber.testng.AbstractTestNGCucumberTests"/>
      </group> <!-- cucumber -->
    </groups>
    <test started-at="2022-04-16T13:00:05 IST" name="Surefire test" finished-at="2022-04-16T13:00:20 IST" duration-ms="14712">
      <class name="cucumberOptions.TestRunner">
        <test-method is-config="true" signature="setUpClass(org.testng.ITestContext)[pri:0, instance:cucumberOptions.TestRunner@6a2b953e]" started-at="2022-04-16T13:00:05 IST" name="setUpClass" finished-at="2022-04-16T13:00:06 IST" duration-ms="762" status="PASS">
          <params>
            <param index="0">
              <value>
                <![CDATA[org.testng.TestRunner@56f2bbea]]>
              </value>
            </param>
          </params>
          <reporter-output>
          </reporter-output>
        </test-method> <!-- setUpClass -->
        <test-method signature="runScenario(io.cucumber.testng.PickleWrapper,io.cucumber.testng.FeatureWrapper)[pri:0, instance:cucumberOptions.TestRunner@6a2b953e]" started-at="2022-04-16T13:00:06 IST" name="runScenario" description="Runs Cucumber Scenarios" data-provider="scenarios" finished-at="2022-04-16T13:00:19 IST" duration-ms="13007" status="PASS">
          <params>
            <param index="0">
              <value>
                <![CDATA["Validate the user is able to place the order"]]>
              </value>
            </param>
            <param index="1">
              <value>
                <![CDATA["Optional[Validate the order placement]"]]>
              </value>
            </param>
          </params>
          <reporter-output>
          </reporter-output>
        </test-method> <!-- runScenario -->
        <test-method is-config="true" signature="tearDownClass()[pri:0, instance:cucumberOptions.TestRunner@6a2b953e]" started-at="2022-04-16T13:00:19 IST" name="tearDownClass" finished-at="2022-04-16T13:00:20 IST" duration-ms="891" status="PASS">
          <reporter-output>
          </reporter-output>
        </test-method> <!-- tearDownClass -->
      </class> <!-- cucumberOptions.TestRunner -->
    </test> <!-- Surefire test -->
  </suite> <!-- Surefire suite -->
</testng-results>
