<?xml version="1.0" encoding="UTF-8"?>
<!-- Generated by org.testng.reporters.JUnitReportReporter -->
<testsuite hostname="LAPTOP-VHM557M7" failures="1" tests="3" name="cucumberOptions.TestRunner" time="50.680" errors="0" timestamp="2022-03-22T11:00:08 IST" skipped="0">
  <testcase classname="cucumberOptions.TestRunner" name="runScenario" time="13.336"/>
  <system-out/>
  <testcase classname="cucumberOptions.TestRunner" name="runScenario" time="18.995">
    <failure message="expected [Beetroot] but found [No data]" type="java.lang.AssertionError">
      <![CDATA[java.lang.AssertionError: expected [Beetroot] but found [No data]
at org.testng.Assert.fail(Assert.java:99)
at org.testng.Assert.failNotEquals(Assert.java:1037)
at org.testng.Assert.assertEqualsImpl(Assert.java:140)
at org.testng.Assert.assertEquals(Assert.java:122)
at org.testng.Assert.assertEquals(Assert.java:629)
at org.testng.Assert.assertEquals(Assert.java:639)
at stepDefinations.OffersPage.validate_the_product_name_in_offers_page_matches_with_actual_item_name_in_landing_page(OffersPage.java:56)
at ✽.validate the product name in offers page matches with actual item name inLanding page(file:///E:/Projects/Selenium/CucumberFramework/src/test/java/features/First.feature:10)
]]>
    </failure>
  </testcase> <!-- runScenario -->
  <system-out/>
  <testcase classname="cucumberOptions.TestRunner" name="runScenario" time="18.349"/>
  <system-out/>
</testsuite> <!-- cucumberOptions.TestRunner -->
